================= First Level =================
== First Level:[0x5846f79cf2b0] dir_1(1)(pre:0x5846e60fd0d0, next:0x5846f79cfb00)
==== Second Level:[0x5846f79cf370] subdir_1_0(10)(pre:0x5846f79cf340[0x5846f79cf2a0], next:0x5846f79cf680[0x5846f79cf5e0])
======== Third Level:[0x5846f79cf430] sub_subdir_1_0_0(100)(pre:0x5846f79cf400[0x5846f79cf360], next:0x5846f79cf5c0[0x5846f79cf520])
======== Third Level:[0x5846f79cf520] sub_subdir_1_0_1(101)(pre:0x5846f79cf4d0[0x5846f79cf430], next:0x5846f79cf400[0x5846f79cf360])
==== Second Level:[0x5846f79cf5e0] subdir_1_1(11)(pre:0x5846f79cf410[0x5846f79cf370], next:0x5846f79cf8c0[0x5846f79cf820])
======== Third Level:[0x5846f79cf6a0] sub_subdir_1_1_0(110)(pre:0x5846f79cf670[0x5846f79cf5d0], next:0x5846f79cf800[0x5846f79cf760])
======== Third Level:[0x5846f79cf760] sub_subdir_1_1_1(111)(pre:0x5846f79cf740[0x5846f79cf6a0], next:0x5846f79cf670[0x5846f79cf5d0])
==== Second Level:[0x5846f79cf820] subdir_1_2(12)(pre:0x5846f79cf680[0x5846f79cf5e0], next:0x5846f79cf340[0x5846f79cf2a0])
======== Third Level:[0x5846f79cf8e0] sub_subdir_1_2_0(120)(pre:0x5846f79cf8b0[0x5846f79cf810], next:0x5846f79cfa40[0x5846f79cf9a0])
======== Third Level:[0x5846f79cf9a0] sub_subdir_1_2_1(121)(pre:0x5846f79cf980[0x5846f79cf8e0], next:0x5846f79cf8b0[0x5846f79cf810])
== First Level:[0x5846f79cfa60] dir_2(2)(pre:0x5846f79cf350, next:0x5846f79d0280)
==== Second Level:[0x5846f79cfb20] subdir_2_0(20)(pre:0x5846f79cfaf0[0x5846f79cfa50], next:0x5846f79cfe00[0x5846f79cfd60])
======== Third Level:[0x5846f79cfbe0] sub_subdir_2_0_0(200)(pre:0x5846f79cfbb0[0x5846f79cfb10], next:0x5846f79cfd40[0x5846f79cfca0])
======== Third Level:[0x5846f79cfca0] sub_subdir_2_0_1(201)(pre:0x5846f79cfc80[0x5846f79cfbe0], next:0x5846f79cfbb0[0x5846f79cfb10])
==== Second Level:[0x5846f79cfd60] subdir_2_1(21)(pre:0x5846f79cfbc0[0x5846f79cfb20], next:0x5846f79d0040[0x5846f79cffa0])
======== Third Level:[0x5846f79cfe20] sub_subdir_2_1_0(210)(pre:0x5846f79cfdf0[0x5846f79cfd50], next:0x5846f79cff80[0x5846f79cfee0])
======== Third Level:[0x5846f79cfee0] sub_subdir_2_1_1(211)(pre:0x5846f79cfec0[0x5846f79cfe20], next:0x5846f79cfdf0[0x5846f79cfd50])
==== Second Level:[0x5846f79cffa0] subdir_2_2(22)(pre:0x5846f79cfe00[0x5846f79cfd60], next:0x5846f79cfaf0[0x5846f79cfa50])
======== Third Level:[0x5846f79d0060] sub_subdir_2_2_0(220)(pre:0x5846f79d0030[0x5846f79cff90], next:0x5846f79d01c0[0x5846f79d0120])
======== Third Level:[0x5846f79d0120] sub_subdir_2_2_1(221)(pre:0x5846f79d0100[0x5846f79d0060], next:0x5846f79d0030[0x5846f79cff90])
== First Level:[0x5846f79d01e0] dir_3(3)(pre:0x5846f79cfb00, next:0x5846f79d0a00)
==== Second Level:[0x5846f79d02a0] subdir_3_0(30)(pre:0x5846f79d0270[0x5846f79d01d0], next:0x5846f79d0580[0x5846f79d04e0])
======== Third Level:[0x5846f79d0360] sub_subdir_3_0_0(300)(pre:0x5846f79d0330[0x5846f79d0290], next:0x5846f79d04c0[0x5846f79d0420])
======== Third Level:[0x5846f79d0420] sub_subdir_3_0_1(301)(pre:0x5846f79d0400[0x5846f79d0360], next:0x5846f79d0330[0x5846f79d0290])
==== Second Level:[0x5846f79d04e0] subdir_3_1(31)(pre:0x5846f79d0340[0x5846f79d02a0], next:0x5846f79d07c0[0x5846f79d0720])
======== Third Level:[0x5846f79d05a0] sub_subdir_3_1_0(310)(pre:0x5846f79d0570[0x5846f79d04d0], next:0x5846f79d0700[0x5846f79d0660])
======== Third Level:[0x5846f79d0660] sub_subdir_3_1_1(311)(pre:0x5846f79d0640[0x5846f79d05a0], next:0x5846f79d0570[0x5846f79d04d0])
==== Second Level:[0x5846f79d0720] subdir_3_2(32)(pre:0x5846f79d0580[0x5846f79d04e0], next:0x5846f79d0270[0x5846f79d01d0])
======== Third Level:[0x5846f79d07e0] sub_subdir_3_2_0(320)(pre:0x5846f79d07b0[0x5846f79d0710], next:0x5846f79d0940[0x5846f79d08a0])
======== Third Level:[0x5846f79d08a0] sub_subdir_3_2_1(321)(pre:0x5846f79d0880[0x5846f79d07e0], next:0x5846f79d07b0[0x5846f79d0710])
== First Level:[0x5846f79d0960] dir_4(4)(pre:0x5846f79d0280, next:0x5846e60fd0d0)
==== Second Level:[0x5846f79d0a20] subdir_4_0(40)(pre:0x5846f79d09f0[0x5846f79d0950], next:0x5846f79d0d00[0x5846f79d0c60])
======== Third Level:[0x5846f79d0ae0] sub_subdir_4_0_0(400)(pre:0x5846f79d0ab0[0x5846f79d0a10], next:0x5846f79d0c40[0x5846f79d0ba0])
======== Third Level:[0x5846f79d0ba0] sub_subdir_4_0_1(401)(pre:0x5846f79d0b80[0x5846f79d0ae0], next:0x5846f79d0ab0[0x5846f79d0a10])
==== Second Level:[0x5846f79d0c60] subdir_4_1(41)(pre:0x5846f79d0ac0[0x5846f79d0a20], next:0x5846f79d0f40[0x5846f79d0ea0])
======== Third Level:[0x5846f79d0d20] sub_subdir_4_1_0(410)(pre:0x5846f79d0cf0[0x5846f79d0c50], next:0x5846f79d0e80[0x5846f79d0de0])
======== Third Level:[0x5846f79d0de0] sub_subdir_4_1_1(411)(pre:0x5846f79d0dc0[0x5846f79d0d20], next:0x5846f79d0cf0[0x5846f79d0c50])
==== Second Level:[0x5846f79d0ea0] subdir_4_2(42)(pre:0x5846f79d0d00[0x5846f79d0c60], next:0x5846f79d09f0[0x5846f79d0950])
======== Third Level:[0x5846f79d0f60] sub_subdir_4_2_0(420)(pre:0x5846f79d0f30[0x5846f79d0e90], next:0x5846f79d10c0[0x5846f79d1020])
======== Third Level:[0x5846f79d1020] sub_subdir_4_2_1(421)(pre:0x5846f79d1000[0x5846f79d0f60], next:0x5846f79d0f30[0x5846f79d0e90])

==================== travel dentry tree ====================
== entry[0x5846f79cf2b0]:dir_1(1)
== entry[0x5846f79cf370]:subdir_1_0(10)
== entry[0x5846f79cf430]:sub_subdir_1_0_0(100)
== entry[0x5846f79cf520]:sub_subdir_1_0_1(101)
== entry[0x5846f79cf5e0]:subdir_1_1(11)
== entry[0x5846f79cf6a0]:sub_subdir_1_1_0(110)
== entry[0x5846f79cf760]:sub_subdir_1_1_1(111)
== entry[0x5846f79cf820]:subdir_1_2(12)
== entry[0x5846f79cf8e0]:sub_subdir_1_2_0(120)
== entry[0x5846f79cf9a0]:sub_subdir_1_2_1(121)
== entry[0x5846f79cfa60]:dir_2(2)
== entry[0x5846f79cfb20]:subdir_2_0(20)
== entry[0x5846f79cfbe0]:sub_subdir_2_0_0(200)
== entry[0x5846f79cfca0]:sub_subdir_2_0_1(201)
== entry[0x5846f79cfd60]:subdir_2_1(21)
== entry[0x5846f79cfe20]:sub_subdir_2_1_0(210)
== entry[0x5846f79cfee0]:sub_subdir_2_1_1(211)
== entry[0x5846f79cffa0]:subdir_2_2(22)
== entry[0x5846f79d0060]:sub_subdir_2_2_0(220)
== entry[0x5846f79d0120]:sub_subdir_2_2_1(221)
== entry[0x5846f79d01e0]:dir_3(3)
== entry[0x5846f79d02a0]:subdir_3_0(30)
== entry[0x5846f79d0360]:sub_subdir_3_0_0(300)
== entry[0x5846f79d0420]:sub_subdir_3_0_1(301)
== entry[0x5846f79d04e0]:subdir_3_1(31)
== entry[0x5846f79d05a0]:sub_subdir_3_1_0(310)
== entry[0x5846f79d0660]:sub_subdir_3_1_1(311)
== entry[0x5846f79d0720]:subdir_3_2(32)
== entry[0x5846f79d07e0]:sub_subdir_3_2_0(320)
== entry[0x5846f79d08a0]:sub_subdir_3_2_1(321)
== entry[0x5846f79d0960]:dir_4(4)
== entry[0x5846f79d0a20]:subdir_4_0(40)
== entry[0x5846f79d0ae0]:sub_subdir_4_0_0(400)
== entry[0x5846f79d0ba0]:sub_subdir_4_0_1(401)
== entry[0x5846f79d0c60]:subdir_4_1(41)
== entry[0x5846f79d0d20]:sub_subdir_4_1_0(410)
== entry[0x5846f79d0de0]:sub_subdir_4_1_1(411)
== entry[0x5846f79d0ea0]:subdir_4_2(42)
== entry[0x5846f79d0f60]:sub_subdir_4_2_0(420)
== entry[0x5846f79d1020]:sub_subdir_4_2_1(421)

==================== remove dentry tree ====================
Free[0x5846f79cf430]:sub_subdir_1_0_0(100)
Free[0x5846f79cf520]:sub_subdir_1_0_1(101)
Free[0x5846f79cf370]:subdir_1_0(10)
Free[0x5846f79cf6a0]:sub_subdir_1_1_0(110)
Free[0x5846f79cf760]:sub_subdir_1_1_1(111)
Free[0x5846f79cf5e0]:subdir_1_1(11)
Free[0x5846f79cf8e0]:sub_subdir_1_2_0(120)
Free[0x5846f79cf9a0]:sub_subdir_1_2_1(121)
Free[0x5846f79cf820]:subdir_1_2(12)
Free[0x5846f79cf2b0]:dir_1(1)
Free[0x5846f79cfbe0]:sub_subdir_2_0_0(200)
Free[0x5846f79cfca0]:sub_subdir_2_0_1(201)
Free[0x5846f79cfb20]:subdir_2_0(20)
Free[0x5846f79cfe20]:sub_subdir_2_1_0(210)
Free[0x5846f79cfee0]:sub_subdir_2_1_1(211)
Free[0x5846f79cfd60]:subdir_2_1(21)
Free[0x5846f79d0060]:sub_subdir_2_2_0(220)
Free[0x5846f79d0120]:sub_subdir_2_2_1(221)
Free[0x5846f79cffa0]:subdir_2_2(22)
Free[0x5846f79cfa60]:dir_2(2)
Free[0x5846f79d0360]:sub_subdir_3_0_0(300)
Free[0x5846f79d0420]:sub_subdir_3_0_1(301)
Free[0x5846f79d02a0]:subdir_3_0(30)
Free[0x5846f79d05a0]:sub_subdir_3_1_0(310)
Free[0x5846f79d0660]:sub_subdir_3_1_1(311)
Free[0x5846f79d04e0]:subdir_3_1(31)
Free[0x5846f79d07e0]:sub_subdir_3_2_0(320)
Free[0x5846f79d08a0]:sub_subdir_3_2_1(321)
Free[0x5846f79d0720]:subdir_3_2(32)
Free[0x5846f79d01e0]:dir_3(3)
Free[0x5846f79d0ae0]:sub_subdir_4_0_0(400)
Free[0x5846f79d0ba0]:sub_subdir_4_0_1(401)
Free[0x5846f79d0a20]:subdir_4_0(40)
Free[0x5846f79d0d20]:sub_subdir_4_1_0(410)
Free[0x5846f79d0de0]:sub_subdir_4_1_1(411)
Free[0x5846f79d0c60]:subdir_4_1(41)
Free[0x5846f79d0f60]:sub_subdir_4_2_0(420)
Free[0x5846f79d1020]:sub_subdir_4_2_1(421)
Free[0x5846f79d0ea0]:subdir_4_2(42)
Free[0x5846f79d0960]:dir_4(4)
