group 0: start block: 0
group 0: super block: 0
group 0: group desc block: 1
group 0: bitmap block: 2
group 1: start block: 256
group 1: super block: 256
group 1: group desc block: 257
group 1: bitmap block: 258
group 2: start block: 512
group 2: super block: 512
group 2: group desc block: 513
group 2: bitmap block: 514
group 3: start block: 768
group 3: super block: 768
group 3: group desc block: 769
group 3: bitmap block: 770
/////////////////// Write Large Buffer ///////////////////////
[Alloc User Block:4]
[Alloc User Block:5]
[Alloc User Block:6]
[Alloc User Block:7]
[Block I/O]: bh->nr_block(4)
[Block I/O]: bh->nr_block(5)
[Block I/O]: bh->nr_block(6)
[Block I/O]: bh->nr_block(7)
[Block:4][Page:0] data: 
I am a hero-0
I am a hero-1
I am a hero-2
I am a hero-3
I am a hero-4
I am a hero-5
I am a hero-6
I am a hero-7
I am a hero-8
I am a hero-9
I am a hero-10
I am a hero-11
I am a hero-12
I am a hero-13
I am a hero-14
I am a hero-15
I am a hero-16
I am a hero-17
I am a hero-18
I am a hero-19
I am a hero-20
I am a hero-21
I am a hero-22
I am a hero-23
I am a hero-24
I am a hero-25
I am a hero-26
I am a hero-27
I am a hero-28
I am a hero-29
I am a hero-30
I am a hero-31
I am a hero-32
I am a hero-33
I am a hero-34
I am a hero-35
I am a hero-36
I am a hero-37
I am a hero-38
I am a hero-39
I am a hero-40
I am a hero-41
I am a hero-42
I am a hero-43
I am a hero-44
I am a hero-45
I am a hero-46
I am a hero-47
I am a hero-48
I am a hero-49
I am a hero-50
I am a hero-51
I am a hero-52
I am a hero-53
I am a hero-54
I am a hero-55
I am a hero-56
I am a hero-57
I am a hero-58
I am a hero-59
I am a hero-60
I am a hero-61
I am a hero-62
I am a hero-63
I am a hero-64
I am a hero-65
I am a hero-66
I am a hero-67
I am a hero-68
[Block:5][Page:0] data: 

I am a hero-69
I am a hero-70
I am a hero-71
I am a hero-72
I am a hero-73
I am a hero-74
I am a hero-75
I am a hero-76
I am a hero-77
I am a hero-78
I am a hero-79
I am a hero-80
I am a hero-81
I am a hero-82
I am a hero-83
I am a hero-84
I am a hero-85
I am a hero-86
I am a hero-87
I am a hero-88
I am a hero-89
I am a hero-90
I am a hero-91
I am a hero-92
I am a hero-93
I am a hero-94
I am a hero-95
I am a hero-96
I am a hero-97
I am a hero-98
I am a hero-99
I am a hero-100
I am a hero-101
I am a hero-102
I am a hero-103
I am a hero-104
I am a hero-105
I am a hero-106
I am a hero-107
I am a hero-108
I am a hero-109
I am a hero-110
I am a hero-111
I am a hero-112
I am a hero-113
I am a hero-114
I am a hero-115
I am a hero-116
I am a hero-117
I am a hero-118
I am a hero-119
I am a hero-120
I am a hero-121
I am a hero-122
I am a hero-123
I am a hero-124
I am a hero-125
I am a hero-126
I am a hero-127
I am a hero-128
I am a hero-129
I am a hero-130
I am a hero-131
I am a hero-132
I am a hero-133
I am a hero-13
[Block:6][Page:0] data: 
4
I am a hero-135
I am a hero-136
I am a hero-137
I am a hero-138
I am a hero-139
I am a hero-140
I am a hero-141
I am a hero-142
I am a hero-143
I am a hero-144
I am a hero-145
I am a hero-146
I am a hero-147
I am a hero-148
I am a hero-149
I am a hero-150
I am a hero-151
I am a hero-152
I am a hero-153
I am a hero-154
I am a hero-155
I am a hero-156
I am a hero-157
I am a hero-158
I am a hero-159
I am a hero-160
I am a hero-161
I am a hero-162
I am a hero-163
I am a hero-164
I am a hero-165
I am a hero-166
I am a hero-167
I am a hero-168
I am a hero-169
I am a hero-170
I am a hero-171
I am a hero-172
I am a hero-173
I am a hero-174
I am a hero-175
I am a hero-176
I am a hero-177
I am a hero-178
I am a hero-179
I am a hero-180
I am a hero-181
I am a hero-182
I am a hero-183
I am a hero-184
I am a hero-185
I am a hero-186
I am a hero-187
I am a hero-188
I am a hero-189
I am a hero-190
I am a hero-191
I am a hero-192
I am a hero-193
I am a hero-194
I am a hero-195
I am a hero-196
I am a hero-197
I am a hero-19
[Block:7][Page:0] data: 
8
I am a hero-199
I am a hero-200
I am a hero-201
I am a hero-202
I am a hero-203
I am a hero-204
I am a hero-205
I am a hero-206
I am a hero-207
I am a hero-208
I am a hero-209
I am a hero-210
I am a hero-211
I am a hero-212
I am a hero-213
I am a hero-214
I am a hero-215
I am a hero-216
I am a hero-217
I am a hero-218
I am a hero-219
I am a hero-220
I am a hero-221
I am a hero-222
I am a hero-223
I am a hero-224
I am a hero-225
I am a hero-226
I am a hero-227
I am a hero-228
I am a hero-229
I am a hero-230
I am a hero-231
I am a hero-232
I am a hero-233
I am a hero-234
I am a hero-235
I am a hero-236
I am a hero-237
I am a hero-238
I am a hero-239
I am a hero-240
I am a hero-241
I am a hero-242
I am a hero-243
I am a hero-244
I am a hero-245
I am a hero-246
I am a hero-247
I am a hero-248
I am a hero-249
I am a hero-250
I am a hero-251
I am a hero-252
I am a hero-253
I am a hero-254
I am a hero-255
I am a hero-256
I am a hero-257
I am a hero-258
I am a hero-259
I am a hero-260
I am a hero-261
I am a hero-26
----------------- Write-Loop-0 End ----------------------
[Alloc Index Block:8]
[Alloc Indirect-Index Block:9]
[Alloc User Block:10]
[Alloc User Block:11]
[Alloc User Block:12]
[Alloc User Block:13]
[Block I/O]: bh->nr_block(10)
[Block I/O]: bh->nr_block(11)
[Block I/O]: bh->nr_block(12)
[Block:10][Page:1] data: 
2
I am a hero-263
I am a hero-264
I am a hero-265
I am a hero-266
I am a hero-267
I am a hero-268
I am a hero-269
I am a hero-270
I am a hero-271
I am a hero-272
I am a hero-273
I am a hero-274
I am a hero-275
I am a hero-276
I am a hero-277
I am a hero-278
I am a hero-279
I am a hero-280
I am a hero-281
I am a hero-282
I am a hero-283
I am a hero-284
I am a hero-285
I am a hero-286
I am a hero-287
I am a hero-288
I am a hero-289
I am a hero-290
I am a hero-291
I am a hero-292
I am a hero-293
I am a hero-294
I am a hero-295
I am a hero-296
I am a hero-297
I am a hero-298
I am a hero-299
I am a hero-300
I am a hero-301
I am a hero-302
I am a hero-303
I am a hero-304
I am a hero-305
I am a hero-306
I am a hero-307
I am a hero-308
I am a hero-309
I am a hero-310
I am a hero-311
I am a hero-312
I am a hero-313
I am a hero-314
I am a hero-315
I am a hero-316
I am a hero-317
I am a hero-318
I am a hero-319
I am a hero-320
I am a hero-321
I am a hero-322
I am a hero-323
I am a hero-324
I am a hero-325
I am a hero-32
[Block:11][Page:1] data: 
6
I am a hero-327
I am a hero-328
I am a hero-329
I am a hero-330
I am a hero-331
I am a hero-332
I am a hero-333
I am a hero-334
I am a hero-335
I am a hero-336
I am a hero-337
I am a hero-338
I am a hero-339
I am a hero-340
I am a hero-341
I am a hero-342
I am a hero-343
I am a hero-344
I am a hero-345
I am a hero-346
I am a hero-347
I am a hero-348
I am a hero-349
I am a hero-350
I am a hero-351
I am a hero-352
I am a hero-353
I am a hero-354
I am a hero-355
I am a hero-356
I am a hero-357
I am a hero-358
I am a hero-359
I am a hero-360
I am a hero-361
I am a hero-362
I am a hero-363
I am a hero-364
I am a hero-365
I am a hero-366
I am a hero-367
I am a hero-368
I am a hero-369
I am a hero-370
I am a hero-371
I am a hero-372
I am a hero-373
I am a hero-374
I am a hero-375
I am a hero-376
I am a hero-377
I am a hero-378
I am a hero-379
I am a hero-380
I am a hero-381
I am a hero-382
I am a hero-383
I am a hero-384
I am a hero-385
I am a hero-386
I am a hero-387
I am a hero-388
I am a hero-389
I am a hero-39
[Block:12][Page:1] data: 
0
I am a hero-391
I am a hero-392
I am a hero-393
I am a hero-394
I am a hero-395
I am a hero-396
I am a hero-397
I am a hero-398
I am a hero-399
I am a hero-400
I am a hero-401
I am a hero-402
I am a hero-403
I am a hero-404
I am a hero-405
I am a hero-406
I am a hero-407
I am a hero-408
I am a hero-409
I am a hero-410
I am a hero-411
I am a hero-412
I am a hero-413
I am a hero-414
I am a hero-415
I am a hero-416
I am a hero-417
I am a hero-418
I am a hero-419
I am a hero-420
I am a hero-421
I am a hero-422
I am a hero-423
I am a hero-424
I am a hero-425
I am a hero-426
I am a hero-427
I am a hero-428
I am a hero-429
I am a hero-430
I am a hero-431
I am a hero-432
I am a 
----------------- Write-Loop-1 End ----------------------
============================ Write-End ==============================
/////////////////// Write Small Buffer //////////////////////
[Block I/O]: bh->nr_block(12)
[Block I/O]: bh->nr_block(13)
[Block:12][Page:1] data: 
0
I am a hero-391
I am a hero-392
I am a hero-393
I am a hero-394
I am a hero-395
I am a hero-396
I am a hero-397
I am a hero-398
I am a hero-399
I am a hero-400
I am a hero-401
I am a hero-402
I am a hero-403
I am a hero-404
I am a hero-405
I am a hero-406
I am a hero-407
I am a hero-408
I am a hero-409
I am a hero-410
I am a hero-411
I am a hero-412
I am a hero-413
I am a hero-414
I am a hero-415
I am a hero-416
I am a hero-417
I am a hero-418
I am a hero-419
I am a hero-420
I am a hero-421
I am a hero-422
I am a hero-423
I am a hero-424
I am a hero-425
I am a hero-426
I am a hero-427
I am a hero-428
I am a hero-429
I am a hero-430
I am a hero-431
I am a hero-432
I am a I am a hero-0
I am a hero-1
I am a hero-2
I am a hero-3
I am a hero-4
I am a hero-5
I am a hero-6
I am a hero-7
I am a hero-8
I am a hero-9
I am a hero-10
I am a hero-11
I am a hero-12
I am a hero-13
I am a hero-14
I am a hero-15
I am a hero-16
I am a hero-17
I am a hero-18
I am a hero-19
I am a hero-20
I am a hero-21
I am a hero-22
I am a h
[Block:13][Page:1] data: 
ero-23
I am a hero-24
I am a hero-25
I am a hero-26
I am a hero-27
I am a hero-28
I am a hero-29
I am a hero-30
I am a hero-31
I am a hero-32
I am a hero-33
I am a hero-34
I am a hero-35
I am a hero-36
I am a hero-37
I am a hero-38
I am a hero-39
I am a hero-40
I am a hero-4
----------------- Write-Loop-0 End ----------------------
============================ Write-End ==============================
[Block I/O]: bh->nr_block(13)
[Block:13][Page:1] data: 
ero-23
I am a hero-24
I am a hero-25
I am a hero-26
I am a hero-27
I am a hero-28
I am a hero-29
I am a hero-30
I am a hero-31
I am a hero-32
I am a hero-33
I am a hero-34
I am a hero-35
I am a hero-36
I am a hero-37
I am a hero-38
I am a hero-39
I am a hero-40
I am a hero-41
I am a hero-42
I am a hero-43
I am a hero-44
I am a hero-45
I am a hero-46
I am a hero-47
I am a hero-48
I am a hero-49
I am a hero-50
I am a hero-51
I am a hero-52
I am a hero-53
I am a hero-54
I am a hero-55
I am a hero-56
I am a hero-57
I am a hero-58
I am a hero-59
I am a hero-60
I am a hero-61
I am a hero-62
I am a hero-63
I am a hero-64
I am a hero-65
I am a hero-66
I am a hero-67
I am a hero-68
I am a hero-69
I am a hero-70
I am a hero-71
I am a hero-72
I am a hero-73
I am a hero-74
I am a hero-75
I am a hero-76
I am a hero-77
I am a hero-78
I am a hero-79
I am a hero-80
I am a hero-81
I am a hero-82
I
----------------- Write-Loop-0 End ----------------------
============================ Write-End ==============================
[Block I/O]: bh->nr_block(13)
[Block:13][Page:1] data: 
ero-23
I am a hero-24
I am a hero-25
I am a hero-26
I am a hero-27
I am a hero-28
I am a hero-29
I am a hero-30
I am a hero-31
I am a hero-32
I am a hero-33
I am a hero-34
I am a hero-35
I am a hero-36
I am a hero-37
I am a hero-38
I am a hero-39
I am a hero-40
I am a hero-41
I am a hero-42
I am a hero-43
I am a hero-44
I am a hero-45
I am a hero-46
I am a hero-47
I am a hero-48
I am a hero-49
I am a hero-50
I am a hero-51
I am a hero-52
I am a hero-53
I am a hero-54
I am a hero-55
I am a hero-56
I am a hero-57
I am a hero-58
I am a hero-59
I am a hero-60
I am a hero-61
I am a hero-62
I am a hero-63
I am a hero-64
I am a hero-65
I am a hero-66
I am a hero-67
I am a hero-68
I am a hero-69
I am a hero-70
I am a hero-71
I am a hero-72
I am a hero-73
I am a hero-74
I am a hero-75
I am a hero-76
I am a hero-77
I am a hero-78
I am a hero-79
I am a hero-80
I am a hero-81
I am a hero-82
I am a hero-83
I am a hero-84
I am a hero-85
I am a hero-86
I am a hero-87
I am a hero-88
I am a hero-89
I am a hero-90
I am a hero-
----------------- Write-Loop-0 End ----------------------
[Alloc User Block:14]
[Alloc User Block:15]
[Alloc User Block:16]
[Alloc User Block:17]
[Block I/O]: bh->nr_block(14)
[Block:14][Page:2] data: 
91
I am a hero-92
I am a hero-93
I am a hero-94
I am a hero-95
I am a hero-96
I am a hero-97
I am a hero-98
I am a hero-99
I am a hero-100
I am a hero-101
I am a hero-102
I am a hero-103
I am a hero-104
I am a hero-105
I am a hero-106
I am a hero-107
I am a hero-108
I am a hero-109
I am a hero-110
I am a hero-111
I am a hero-112
I am a hero-113
I am a hero-114
I am a hero-115
I am a hero-116
I am a hero-117
I am a hero-118
I am a hero-119
I am a hero-120
I am a hero-121
I am a hero-
----------------- Write-Loop-1 End ----------------------
============================ Write-End ==============================
[Block I/O]: bh->nr_block(14)
[Block I/O]: bh->nr_block(15)
[Block:14][Page:2] data: 
91
I am a hero-92
I am a hero-93
I am a hero-94
I am a hero-95
I am a hero-96
I am a hero-97
I am a hero-98
I am a hero-99
I am a hero-100
I am a hero-101
I am a hero-102
I am a hero-103
I am a hero-104
I am a hero-105
I am a hero-106
I am a hero-107
I am a hero-108
I am a hero-109
I am a hero-110
I am a hero-111
I am a hero-112
I am a hero-113
I am a hero-114
I am a hero-115
I am a hero-116
I am a hero-117
I am a hero-118
I am a hero-119
I am a hero-120
I am a hero-121
I am a hero-122
I am a hero-123
I am a hero-124
I am a hero-125
I am a hero-126
I am a hero-127
I am a hero-128
I am a hero-129
I am a hero-130
I am a hero-131
I am a hero-132
I am a hero-133
I am a hero-134
I am a hero-135
I am a hero-136
I am a hero-137
I am a hero-138
I am a hero-139
I am a hero-140
I am a hero-141
I am a hero-142
I am a hero-143
I am a hero-144
I am a hero-145
I am a hero-146
I am a hero-147
I am a hero-148
I am a hero-149
I am a hero-150
I am a hero-151
I am a hero-152
I am a hero-153
I am a hero-154
I am a hero-155
I am 
[Block:15][Page:2] data: 
a hero-156
I am a hero-157
I am a hero-158
I am a hero-159
I am a hero-160
I am a
----------------- Write-Loop-0 End ----------------------
============================ Write-End ==============================
[Block I/O]: bh->nr_block(15)
[Block:15][Page:2] data: 
a hero-156
I am a hero-157
I am a hero-158
I am a hero-159
I am a hero-160
I am a hero-161
I am a hero-162
I am a hero-163
I am a hero-164
I am a hero-165
I am a hero-166
I am a hero-167
I am a hero-168
I am a hero-169
I am a hero-170
I am a hero-171
I am a hero-172
I am a hero-173
I am a hero-174
I am a hero-175
I am a hero-176
I am a hero-177
I am a hero-178
I am a hero-179
I am a hero-180
I am a hero-181
I am a hero-182
I am a hero-183
I am a hero-184
I am a hero-185
I am a hero-186
I am a hero-187
I am a hero-188
I am a hero-189
I am a hero-190
I am a hero-191
I am a hero-192
I am a hero-193
I am a hero-194
I am a hero-195
I am a hero-196
I am a hero-197
I am a hero-198
I am a hero-199

----------------- Write-Loop-0 End ----------------------
============================ Write-End ==============================
[Block I/O]: bh->nr_block(15)
[Block I/O]: bh->nr_block(16)
[Block:15][Page:2] data: 
a hero-156
I am a hero-157
I am a hero-158
I am a hero-159
I am a hero-160
I am a hero-161
I am a hero-162
I am a hero-163
I am a hero-164
I am a hero-165
I am a hero-166
I am a hero-167
I am a hero-168
I am a hero-169
I am a hero-170
I am a hero-171
I am a hero-172
I am a hero-173
I am a hero-174
I am a hero-175
I am a hero-176
I am a hero-177
I am a hero-178
I am a hero-179
I am a hero-180
I am a hero-181
I am a hero-182
I am a hero-183
I am a hero-184
I am a hero-185
I am a hero-186
I am a hero-187
I am a hero-188
I am a hero-189
I am a hero-190
I am a hero-191
I am a hero-192
I am a hero-193
I am a hero-194
I am a hero-195
I am a hero-196
I am a hero-197
I am a hero-198
I am a hero-199
I am a hero-200
I am a hero-201
I am a hero-202
I am a hero-203
I am a hero-204
I am a hero-205
I am a hero-206
I am a hero-207
I am a hero-208
I am a hero-209
I am a hero-210
I am a hero-211
I am a hero-212
I am a hero-213
I am a hero-214
I am a hero-215
I am a hero-216
I am a hero-217
I am a hero-218
I am a hero-219
I am 
[Block:16][Page:2] data: 
a hero-220
I am a hero-221
I am a hero-222
I am a hero-223
I am a hero-224
I am a hero-225
I am a hero-226
I am a hero-227
I am a hero-228
I am a hero-229
I am a hero-230
I am a hero-231
I am a hero-232
I am a hero-233
I am a hero-234
I am a hero-235
I am a hero-236
I am a hero-237
I am a her
----------------- Write-Loop-0 End ----------------------
============================ Write-End ==============================
[Block I/O]: bh->nr_block(16)
[Block:16][Page:2] data: 
a hero-220
I am a hero-221
I am a hero-222
I am a hero-223
I am a hero-224
I am a hero-225
I am a hero-226
I am a hero-227
I am a hero-228
I am a hero-229
I am a hero-230
I am a hero-231
I am a hero-232
I am a hero-233
I am a hero-234
I am a hero-235
I am a hero-236
I am a hero-237
I am a hero-238
I am a hero-239
I am a hero-240
I am a hero-241
I am a hero-242
I am a hero-243
I am a hero-244
I am a hero-245
I am a hero-246
I am a hero-247
I am a hero-248
I am a hero-249
I am a hero-250
I am a hero-251
I am a hero-252
I am a hero-253
I am a hero-254
I am a hero-255
I am a hero-256
I am a hero-257
I am a hero-258
I am a hero-259
I am a hero-260
I am a hero-261
I am a hero-262
I am a hero-263
I am a hero-264
I am a hero-265
I am a hero-266
I am a hero-267
I am a hero-268
I am a hero-269
I am a hero-270
I am a hero-271
I am a hero-272
I am a hero-273
I am a hero-274
I am a hero-275
I am a hero-276
I am
----------------- Write-Loop-0 End ----------------------
============================ Write-End ==============================
[Block I/O]: bh->nr_block(16)
[Block I/O]: bh->nr_block(17)
[Block:16][Page:2] data: 
a hero-220
I am a hero-221
I am a hero-222
I am a hero-223
I am a hero-224
I am a hero-225
I am a hero-226
I am a hero-227
I am a hero-228
I am a hero-229
I am a hero-230
I am a hero-231
I am a hero-232
I am a hero-233
I am a hero-234
I am a hero-235
I am a hero-236
I am a hero-237
I am a hero-238
I am a hero-239
I am a hero-240
I am a hero-241
I am a hero-242
I am a hero-243
I am a hero-244
I am a hero-245
I am a hero-246
I am a hero-247
I am a hero-248
I am a hero-249
I am a hero-250
I am a hero-251
I am a hero-252
I am a hero-253
I am a hero-254
I am a hero-255
I am a hero-256
I am a hero-257
I am a hero-258
I am a hero-259
I am a hero-260
I am a hero-261
I am a hero-262
I am a hero-263
I am a hero-264
I am a hero-265
I am a hero-266
I am a hero-267
I am a hero-268
I am a hero-269
I am a hero-270
I am a hero-271
I am a hero-272
I am a hero-273
I am a hero-274
I am a hero-275
I am a hero-276
I am a hero-277
I am a hero-278
I am a hero-279
I am a hero-280
I am a hero-281
I am a hero-282
I am a hero-283
I am 
[Block:17][Page:2] data: 
a hero-284
I am a hero-285
I am a hero-286
I am a hero-287
I am a hero-288
I am a hero-289
I am a hero-290
I am a hero-291
I am a hero-292
I am a hero-293
I am a hero-294
I am a hero-295
I am a hero-296
I am a hero-297
I am a hero-298
I am a hero-299
I am a hero-300
I am a hero-301
I am a hero-302
I am a hero-303
I am a hero-304
I am a hero-305
I am a hero-306
I am a hero-307
I am a hero-308
I am a hero-309
I am a hero-310
I am a hero-311
I am a hero-312
I am a hero-313
I am a hero-314
I am a hero-31
----------------- Write-Loop-0 End ----------------------
============================ Write-End ==============================
[Block I/O]: bh->nr_block(17)
[Block:17][Page:2] data: 
a hero-284
I am a hero-285
I am a hero-286
I am a hero-287
I am a hero-288
I am a hero-289
I am a hero-290
I am a hero-291
I am a hero-292
I am a hero-293
I am a hero-294
I am a hero-295
I am a hero-296
I am a hero-297
I am a hero-298
I am a hero-299
I am a hero-300
I am a hero-301
I am a hero-302
I am a hero-303
I am a hero-304
I am a hero-305
I am a hero-306
I am a hero-307
I am a hero-308
I am a hero-309
I am a hero-310
I am a hero-311
I am a hero-312
I am a hero-313
I am a hero-314
I am a hero-315
I am a hero-316
I am a hero-317
I am a hero-318
I am a hero-319
I am a hero-320
I am a hero-321
I am a hero-322
I am a hero-323
I am a hero-324
I am a hero-325
I am a hero-326
I am a hero-327
I am a hero-328
I am a hero-329
I am a hero-330
I am a hero-331
I am a hero-332
I am a hero-333
I am a hero-334
I am a hero-335
I am a hero-336
I am a hero-337
I am a hero-338
I am a hero-339
I am a hero-340
I am a hero-341
I am a hero-342
I am a hero-343
I am a hero-344
I am a hero-345
I am a hero-346
I am a hero-347
I am 
----------------- Write-Loop-0 End ----------------------
[Alloc User Block:18]
[Alloc User Block:19]
[Alloc User Block:20]
[Alloc User Block:21]
[Block I/O]: bh->nr_block(18)
[Block:18][Page:3] data: 
a hero-348
I am a hero-349
I am a hero-350
I am a hero-351
I am a hero-352
I am a hero-353
I am a h
----------------- Write-Loop-1 End ----------------------
============================ Write-End ==============================
[Block I/O]: bh->nr_block(18)
[Block:18][Page:3] data: 
a hero-348
I am a hero-349
I am a hero-350
I am a hero-351
I am a hero-352
I am a hero-353
I am a hero-354
I am a hero-355
I am a hero-356
I am a hero-357
I am a hero-358
I am a hero-359
I am a hero-360
I am a hero-361
I am a hero-362
I am a hero-363
I am a hero-364
I am a hero-365
I am a hero-366
I am a hero-367
I am a hero-368
I am a hero-369
I am a hero-370
I am a hero-371
I am a hero-372
I am a hero-373
I am a hero-374
I am a hero-375
I am a hero-376
I am a hero-377
I am a hero-378
I am a hero-379
I am a hero-380
I am a hero-381
I am a hero-382
I am a hero-383
I am a hero-384
I am a hero-385
I am a hero-386
I am a hero-387
I am a hero-388
I am a hero-389
I am a hero-390
I am a hero-391
I am a hero-392
I 
----------------- Write-Loop-0 End ----------------------
============================ Write-End ==============================
[Block I/O]: bh->nr_block(18)
[Block I/O]: bh->nr_block(19)
[Block:18][Page:3] data: 
a hero-348
I am a hero-349
I am a hero-350
I am a hero-351
I am a hero-352
I am a hero-353
I am a hero-354
I am a hero-355
I am a hero-356
I am a hero-357
I am a hero-358
I am a hero-359
I am a hero-360
I am a hero-361
I am a hero-362
I am a hero-363
I am a hero-364
I am a hero-365
I am a hero-366
I am a hero-367
I am a hero-368
I am a hero-369
I am a hero-370
I am a hero-371
I am a hero-372
I am a hero-373
I am a hero-374
I am a hero-375
I am a hero-376
I am a hero-377
I am a hero-378
I am a hero-379
I am a hero-380
I am a hero-381
I am a hero-382
I am a hero-383
I am a hero-384
I am a hero-385
I am a hero-386
I am a hero-387
I am a hero-388
I am a hero-389
I am a hero-390
I am a hero-391
I am a hero-392
I am a hero-393
I am a hero-394
I am a hero-395
I am a hero-396
I am a hero-397
I am a hero-398
I am a hero-399
I am a hero-400
I am a hero-401
I am a hero-402
I am a hero-403
I am a hero-404
I am a hero-405
I am a hero-406
I am a hero-407
I am a hero-408
I am a hero-409
I am a hero-410
I am a hero-411
I am 
[Block:19][Page:3] data: 
a hero-412
I am a hero-413
I am a hero-414
I am a hero-415
I am a hero-416
I am a hero-417
I am a hero-418
I am a hero-419
I am a hero-420
I am a hero-421
I am a hero-422
I am a hero-423
I am a hero-424
I am a hero-425
I am a hero-426
I am a hero-427
I am a hero-428
I am a hero-429
I am a hero-430
I am a hero-
----------------- Write-Loop-0 End ----------------------
============================ Write-End ==============================
[Block I/O]: bh->nr_block(19)
[Block:19][Page:3] data: 
a hero-412
I am a hero-413
I am a hero-414
I am a hero-415
I am a hero-416
I am a hero-417
I am a hero-418
I am a hero-419
I am a hero-420
I am a hero-421
I am a hero-422
I am a hero-423
I am a hero-424
I am a hero-425
I am a hero-426
I am a hero-427
I am a hero-428
I am a hero-429
I am a hero-430
I am a hero-431
I am a hero-432
I am a 
----------------- Write-Loop-0 End ----------------------
============================ Write-End ==============================
